[debug] [2021-06-24T17:11:12.900Z] ----------------------------------------------------------------------
[debug] [2021-06-24T17:11:12.915Z] Command:       C:\Program Files\nodejs\node.exe C:\Users\Manish\AppData\Roaming\npm\node_modules\firebase-tools\lib\bin\firebase.js emulators:start
[debug] [2021-06-24T17:11:12.915Z] CLI Version:   7.0.0
[debug] [2021-06-24T17:11:12.916Z] Platform:      win32
[debug] [2021-06-24T17:11:12.916Z] Node Version:  v14.17.0
[debug] [2021-06-24T17:11:12.984Z] Time:          Thu Jun 24 2021 22:41:12 GMT+0530 (India Standard Time)
[debug] [2021-06-24T17:11:12.984Z] ----------------------------------------------------------------------
[debug] 
[debug] [2021-06-24T17:11:13.080Z] > command requires scopes: ["email","openid","https://www.googleapis.com/auth/cloudplatformprojects.readonly","https://www.googleapis.com/auth/firebase","https://www.googleapis.com/auth/cloud-platform"]
[debug] [2021-06-24T17:11:13.081Z] > authorizing via signed-in user
[debug] [2021-06-24T17:11:13.088Z] >>> HTTP REQUEST GET https://cloudresourcemanager.googleapis.com/v1/projects/clone-ce338  
 
[debug] [2021-06-24T17:11:15.314Z] <<< HTTP RESPONSE 200
[info] i  Starting emulators: ["functions"]
[warn] !  Your requested "node" version "8" doesn't match your global version "14"
[debug] [2021-06-24T17:11:15.355Z] >>> HTTP REQUEST GET https://mobilesdk-pa.googleapis.com/v1/projects/668128070450:getServerAppConfig  
 
[debug] [2021-06-24T17:11:16.643Z] <<< HTTP RESPONSE 200
[info] +  functions: Emulator started at http://localhost:5001
[info] i  functions: Watching "C:\Users\Manish\Desktop\New folder\New folder (2)\ReactJs Tut\amazon-clone\functions" for Cloud Functions...
[debug] [2021-06-24T17:11:17.101Z] Functions runtime initialized.
[debug] [2021-06-24T17:11:17.101Z] Disabled runtime features: undefined
[info] >  (node:3520) Warning: Accessing non-existent property 'padLevels' of module exports inside circular dependency
[info] >  (Use `node --trace-warnings ...` to show where the warning was created)
[debug] [2021-06-24T17:11:19.559Z] Found google-gax at C:\Users\Manish\Desktop\New folder\New folder (2)\ReactJs Tut\amazon-clone\functions\node_modules\google-gax\build\src\index.js
[debug] [2021-06-24T17:11:19.559Z] Outgoing network have been stubbed.
[debug] [2021-06-24T17:11:19.729Z] Checked functions.config()
[warn] !  TypeError: Cannot set property config of #<Object> which has only a getter
    at C:\Users\Manish\AppData\Roaming\npm\node_modules\firebase-tools\lib\emulator\functionsEmulatorRuntime.js:362:19
    at Generator.next (<anonymous>)
    at fulfilled (C:\Users\Manish\AppData\Roaming\npm\node_modules\firebase-tools\lib\emulator\functionsEmulatorRuntime.js:4:58)
    at processTicksAndRejections (internal/process/task_queues.js:95:5)
[warn] !  Your function was killed because it raised an unhandled error.
